<?xml version="1.0" encoding="UTF-8"?>
<testsuite name="tests.WebQuizEngineTest" tests="1" skipped="0" failures="0" errors="0" timestamp="2022-05-22T07:08:28" hostname="toronto" time="2.5">
  <properties/>
  <testcase name="start" classname="tests.WebQuizEngineTest" time="2.5"/>
  <system-out><![CDATA[?[1;31m
Start test 1?[0m

  .   ____          _            __ _ _
 /\\ / ___'_ __ _ _(_)_ __  __ _ \ \ \ \
( ( )\___ | '_ | '_| | '_ \/ _` | \ \ \ \
 \\/  ___)| |_)| | | | | || (_| |  ) ) ) )
  '  |____| .__|_| |_|_| |_\__, | / / / /
 =========|_|==============|___/=/_/_/_/
 :: Spring Boot ::                (v2.5.6)

2022-05-22 09:08:28.865  INFO 250495 --- [    Test worker] engine.WebQuizEngine                     : Starting WebQuizEngine using Java 17.0.2 on toronto with PID 250495 (started by omar in /home/omar/IdeaProjects/Web Quiz Engine/Web Quiz Engine/task)
2022-05-22 09:08:28.868  INFO 250495 --- [    Test worker] engine.WebQuizEngine                     : No active profile set, falling back to default profiles: default
2022-05-22 09:08:29.850  INFO 250495 --- [    Test worker] o.s.b.w.embedded.tomcat.TomcatWebServer  : Tomcat initialized with port(s): 8889 (http)
2022-05-22 09:08:29.860  INFO 250495 --- [    Test worker] o.apache.catalina.core.StandardService   : Starting service [Tomcat]
2022-05-22 09:08:29.861  INFO 250495 --- [    Test worker] org.apache.catalina.core.StandardEngine  : Starting Servlet engine: [Apache Tomcat/9.0.54]
2022-05-22 09:08:29.930  INFO 250495 --- [    Test worker] o.a.c.c.C.[Tomcat].[localhost].[/]       : Initializing Spring embedded WebApplicationContext
2022-05-22 09:08:29.931  INFO 250495 --- [    Test worker] w.s.c.ServletWebServerApplicationContext : Root WebApplicationContext: initialization completed in 1019 ms
2022-05-22 09:08:30.473  INFO 250495 --- [    Test worker] o.s.b.a.e.web.EndpointLinksResolver      : Exposing 14 endpoint(s) beneath base path '/actuator'
2022-05-22 09:08:30.505  INFO 250495 --- [    Test worker] o.s.b.w.embedded.tomcat.TomcatWebServer  : Tomcat started on port(s): 8889 (http) with context path ''
2022-05-22 09:08:30.517  INFO 250495 --- [    Test worker] engine.WebQuizEngine                     : Started WebQuizEngine in 1.942 seconds (JVM running for 2.47)
2022-05-22 09:08:30.795  INFO 250495 --- [nio-8889-exec-1] o.a.c.c.C.[Tomcat].[localhost].[/]       : Initializing Spring DispatcherServlet 'dispatcherServlet'
2022-05-22 09:08:30.796  INFO 250495 --- [nio-8889-exec-1] o.s.web.servlet.DispatcherServlet        : Initializing Servlet 'dispatcherServlet'
2022-05-22 09:08:30.799  INFO 250495 --- [nio-8889-exec-1] o.s.web.servlet.DispatcherServlet        : Completed initialization in 2 ms
?[1;31m
Start test 2?[0m
?[1;31m
Start test 3?[0m
]]></system-out>
  <system-err><![CDATA[]]></system-err>
</testsuite>
